2023-01-16 12:44:17 info: =================================
2023-01-16 12:44:17 info: ======= ENV: development =======
2023-01-16 12:44:17 info: 🚀 App listening on the port 9001
2023-01-16 12:44:17 info: =================================
2023-01-16 12:47:17 info: =================================
2023-01-16 12:47:17 info: ======= ENV: development =======
2023-01-16 12:47:17 info: 🚀 App listening on the port 9001
2023-01-16 12:47:17 info: =================================
2023-01-16 12:49:52 info: =================================
2023-01-16 12:49:52 info: ======= ENV: development =======
2023-01-16 12:49:52 info: 🚀 App listening on the port 9001
2023-01-16 12:49:52 info: =================================
2023-01-16 12:50:01 info: [0mGET / [32m200[0m 15.251 ms - 2[0m
2023-01-16 12:50:01 info: [0mGET /favicon.ico [33m404[0m 3.823 ms - 150[0m
2023-01-16 12:52:43 info: =================================
2023-01-16 12:52:43 info: ======= ENV: undefined =======
2023-01-16 12:52:43 info: 🚀 App listening on the port 9001
2023-01-16 12:52:43 info: =================================
2023-01-16 12:53:12 info: =================================
2023-01-16 12:53:12 info: ======= ENV: undefined =======
2023-01-16 12:53:12 info: 🚀 App listening on the port 9001
2023-01-16 12:53:12 info: =================================
2023-01-16 12:58:58 info: =================================
2023-01-16 12:58:58 info: ======= ENV: undefined =======
2023-01-16 12:58:58 info: 🚀 App listening on the port 9001
2023-01-16 12:58:58 info: =================================
2023-01-16 13:00:38 info: =================================
2023-01-16 13:00:38 info: ======= ENV: undefined =======
2023-01-16 13:00:38 info: 🚀 App listening on the port 9001
2023-01-16 13:00:38 info: =================================
2023-01-16 14:37:03 info: =================================
2023-01-16 14:37:03 info: ======= ENV: undefined =======
2023-01-16 14:37:03 info: 🚀 App listening on the port 9001
2023-01-16 14:37:03 info: =================================
2023-01-16 17:04:10 info: =================================
2023-01-16 17:04:10 info: ======= ENV: undefined =======
2023-01-16 17:04:10 info: 🚀 App listening on the port 9001
2023-01-16 17:04:10 info: =================================
2023-01-16 17:05:44 info: =================================
2023-01-16 17:05:44 info: ======= ENV: production =======
2023-01-16 17:05:44 info: 🚀 App listening on the port 9001
2023-01-16 17:05:44 info: =================================
2023-01-16 17:06:15 info: =================================
2023-01-16 17:06:15 info: ======= ENV: undefined =======
2023-01-16 17:06:15 info: 🚀 App listening on the port 9001
2023-01-16 17:06:15 info: =================================
2023-01-16 17:07:12 info: =================================
2023-01-16 17:07:12 info: ======= ENV: undefined =======
2023-01-16 17:07:12 info: 🚀 App listening on the port 9001
2023-01-16 17:07:12 info: =================================
2023-01-16 17:23:15 info: =================================
2023-01-16 17:23:15 info: ======= ENV: undefined =======
2023-01-16 17:23:15 info: 🚀 App listening on the port 9001
2023-01-16 17:23:15 info: =================================
2023-01-16 17:25:41 info: =================================
2023-01-16 17:25:41 info: ======= ENV: undefined =======
2023-01-16 17:25:41 info: 🚀 App listening on the port 9001
2023-01-16 17:25:41 info: =================================
2023-01-16 17:32:55 info: =================================
2023-01-16 17:32:55 info: ======= ENV: development =======
2023-01-16 17:32:55 info: 🚀 App listening on the port 9001
2023-01-16 17:32:55 info: =================================
